10-04-2017 18:34:25 : register(MIIBIjANBgkqhkiG9w0BAQEFAAOCAQ8AMIIBCgKCAQEArQ4U0naIWdaIUYkAf3clFPuY4Q+5Y5JY
TMDrvqqkwj/v9pLM5tPBwUpPgbLTs/og1DHDMrF6U9TTBYHbymELrM3pSMSnG/cGKjqIx5zs/tQK
aImrw3bVhwdxrf5piFHFpBWRNQMRt4BuwXoG7NFo2ZW1wthlxe1yfkOsf/NmFwVGBlbTDzzhHq3V
p9MyzlLPM3jO/8g+ikTseP9o11da00g7u2r8Vb/+FHzqM82LePUIo5dEl477LbeoFlsclSpnok63
p/lIxKAdwcAu5wtHxSBihVsoQB6xCeBBL1c8PBKnYLQu8qYsfAvKTEkuhMvqdukXwVXYeuZgSz5V
VmLPDwIDAQAB
)
10-04-2017 18:34:25 : put(MIIBIjANBgkqhkiG9w0BAQEFAAOCAQ8AMIIBCgKCAQEArQ4U0naIWdaIUYkAf3clFPuY4Q+5Y5JY
TMDrvqqkwj/v9pLM5tPBwUpPgbLTs/og1DHDMrF6U9TTBYHbymELrM3pSMSnG/cGKjqIx5zs/tQK
aImrw3bVhwdxrf5piFHFpBWRNQMRt4BuwXoG7NFo2ZW1wthlxe1yfkOsf/NmFwVGBlbTDzzhHq3V
p9MyzlLPM3jO/8g+ikTseP9o11da00g7u2r8Vb/+FHzqM82LePUIo5dEl477LbeoFlsclSpnok63
p/lIxKAdwcAu5wtHxSBihVsoQB6xCeBBL1c8PBKnYLQu8qYsfAvKTEkuhMvqdukXwVXYeuZgSz5V
VmLPDwIDAQAB
, yTcRdbHI5S7/QLnOvPvrE/79/H/KF2Rtm8XPp3UW5AM=
, 6/N3Gfd1wADraxZQB5mpM6I+8ScPxCCajjWS6fgXRmE=
, KljWEY6eKhi1z2um9safDNwfApNtFRP4TmTaxxfnxHubdqM0z2oGN8ysZUlXWrPXKKXMC0bwfUbA
qcyHAADR4lOKJYWDz7w9jJS1nR8TV7B8K/SpPgMQhIdM74P7jX0OxJBEpXqDVlgOwhNYUHBcrlYX
JQo5HnXr6WAJkKcVN0R0LousdvyyuN4mp9g5n3WE23X764eLUgsxXYhFzwkGw1+WsyaFxcIkWH3U
T33df2JnfCDfhqsDDVtbKLUOM6iMrpZPJJyoLb7R2B1yILsBSx8Qj5x38dyaPPFCs9P3Iz4rPfTz
oflVSVObcGNRw0aH04gyiNhzYDk/qs05LiVLFg==
)
10-04-2017 18:34:30 : register(MIIBIjANBgkqhkiG9w0BAQEFAAOCAQ8AMIIBCgKCAQEAiSlqxfJ4fGpwA3gkJtHSMQT1GMlqi8sQ
wpR6d4lTceMHVtwVbKAR7TrkZSoV7N5qA6fmFuPNzxCSq4XSq6GEhE/jsBAP8yxObYxBz3oTgLAz
XV6XzbcUd29USXqXULIt6+DZHnKwbTjW1fiTAO01gTPsyjWBSn7tNJm2wBk8D/TdqMfdqGqVzz9W
5u0AHeD/47bY7GjoLLtvKf8IoS9HvLrJ+4ricyLQIu3qAbnk2JtZ2wcqnK1BXnXKrUguYrn4CiNZ
+CTDjQu4UdoKKR2X7vcuFPLwtosC8RyDiIVEO24IYJPpmNV+GCCPFlkrJHvqeKihNprXusuTLInL
fP2q2QIDAQAB
)
10-04-2017 18:34:35 : register(MIIBIjANBgkqhkiG9w0BAQEFAAOCAQ8AMIIBCgKCAQEAiSlqxfJ4fGpwA3gkJtHSMQT1GMlqi8sQ
wpR6d4lTceMHVtwVbKAR7TrkZSoV7N5qA6fmFuPNzxCSq4XSq6GEhE/jsBAP8yxObYxBz3oTgLAz
XV6XzbcUd29USXqXULIt6+DZHnKwbTjW1fiTAO01gTPsyjWBSn7tNJm2wBk8D/TdqMfdqGqVzz9W
5u0AHeD/47bY7GjoLLtvKf8IoS9HvLrJ+4ricyLQIu3qAbnk2JtZ2wcqnK1BXnXKrUguYrn4CiNZ
+CTDjQu4UdoKKR2X7vcuFPLwtosC8RyDiIVEO24IYJPpmNV+GCCPFlkrJHvqeKihNprXusuTLInL
fP2q2QIDAQAB
)
10-04-2017 18:34:35 : register(MIIBIjANBgkqhkiG9w0BAQEFAAOCAQ8AMIIBCgKCAQEAgfgb1vKKY6NwxnrzlcuGUDLU049NDDYk
c0BlTPz1Fs6UUhkQPeKGq5VfY5iq/nFz2OwevKwcDj2hpwmjrY1YoobQH0eczNQUR2du4zMiDVFk
OEMa2Mh/QcDt50YW2RqviIpjn66KC/Q6RfevewxfkiyYso1vBxLIdu4PBHEeSTgsDvTcsPnSkcVx
5mlvV5ONHFwuLJ90IHKmCZ4bTk4Mep8rj6nq5/V7lC0mz4Us3zF45esD+g9BntOv4Z/sTEpLYxxY
Y/3S7Iy80Plc4uWIx7q/4RhfTiXbd8q8QwcGLmpW5ubkAHchoDx8dejNwG0Agug0N9U81P3oX4/6
UlVh/wIDAQAB
)
10-04-2017 18:34:41 : put(MIIBIjANBgkqhkiG9w0BAQEFAAOCAQ8AMIIBCgKCAQEAgfgb1vKKY6NwxnrzlcuGUDLU049NDDYk
c0BlTPz1Fs6UUhkQPeKGq5VfY5iq/nFz2OwevKwcDj2hpwmjrY1YoobQH0eczNQUR2du4zMiDVFk
OEMa2Mh/QcDt50YW2RqviIpjn66KC/Q6RfevewxfkiyYso1vBxLIdu4PBHEeSTgsDvTcsPnSkcVx
5mlvV5ONHFwuLJ90IHKmCZ4bTk4Mep8rj6nq5/V7lC0mz4Us3zF45esD+g9BntOv4Z/sTEpLYxxY
Y/3S7Iy80Plc4uWIx7q/4RhfTiXbd8q8QwcGLmpW5ubkAHchoDx8dejNwG0Agug0N9U81P3oX4/6
UlVh/wIDAQAB
, Koqstqsb5LKsyBYblE76dSiIzWKAd3XeLVvZbldujlY=
, mYDims9+LJgjUII80YXxeJDpS9mjdm777/AWb7wB848=
, Bm5LQONSlaWi75wPc38KiOpLBMHkqybUyLPtqTbscRjl/EtXlViU9+jx0HPLWRLc+L5VJPusZ8EJ
rnmPJrjJYUB9nwXYmOtH/TYTz8nbW+LAWHE8Dgw+ZTdnkSlpNZ+Oiw9mRWZCt0ZE8ydJzkewETEP
I5Kfn/RFWbkcR1JbYX+Afa3tbuftkBymkqB6Ni8G1Yo22/4ffvmxWKZSGfr1L4cwCPTeF+EBAtOe
IFoAQSHKxUplDRIO+JEufVKKe6C4DwFIkKlTmACWaQZjulrTtCZkKbdgxnnMHu5/wRg38gOcOlEL
eh2/8UY+kp1aa5UU8+ieCyxcE4xA4OPOU3z8xg==
)
10-04-2017 18:34:46 : register(MIIBIjANBgkqhkiG9w0BAQEFAAOCAQ8AMIIBCgKCAQEAgONGzJxI/1ESfJqnOrll0oGiVSxUS0IT
p18pokk3yXJPf8ZIuoDfqHCCi3LDP8VEevb9t56TR7CGv7jwB/z3vohK9g1mecTRN0y5igmsGFpZ
FS+Jd/Lxbu9qfHcD6JNKIBl5Fo/ajn15B5eNrsTb3KliHdy5mWZ392Xl5fxIBgYNQnMM1F9EQztj
5P50P9frDVhs0r6FYZdLZv6TUERkCa+oB30DKJTJxTA5rUGhWUXm/7ytRCd5W5NhOhlg2+8rRDGx
sO+facvDDcvzoehJM0wOZGazF5jUwif3YOAt6l3qJYQMwnlKhwoKkVW4nTCkPE9npnU51PtoHw4V
5D89jQIDAQAB
)
10-04-2017 18:34:46 : put(MIIBIjANBgkqhkiG9w0BAQEFAAOCAQ8AMIIBCgKCAQEAgONGzJxI/1ESfJqnOrll0oGiVSxUS0IT
p18pokk3yXJPf8ZIuoDfqHCCi3LDP8VEevb9t56TR7CGv7jwB/z3vohK9g1mecTRN0y5igmsGFpZ
FS+Jd/Lxbu9qfHcD6JNKIBl5Fo/ajn15B5eNrsTb3KliHdy5mWZ392Xl5fxIBgYNQnMM1F9EQztj
5P50P9frDVhs0r6FYZdLZv6TUERkCa+oB30DKJTJxTA5rUGhWUXm/7ytRCd5W5NhOhlg2+8rRDGx
sO+facvDDcvzoehJM0wOZGazF5jUwif3YOAt6l3qJYQMwnlKhwoKkVW4nTCkPE9npnU51PtoHw4V
5D89jQIDAQAB
, /lWZz5VFsopJvb9KND0KdeGREx6+rLZu+QQ1r7sl0bA=
, qDgNjxIeiYLALoJ4A5Sja55ovWrvMKmj3bI4fJD5XL0=
, cEBUthNXRec1khwbfan6MzRxGgcDJqyxJUjuqjYCqOP7/9EbJG864L/HhI+Wy5xBqtWlV14/P6+T
jaltlFIs3e7dhfx5QLROcP+JdJAA4dosDDRhWyXPaJbtR4EbyU0JpR3t6+5v5chAfjHKhC7/SJU8
Eo3P2Rt+t5YIxKl0FM4w43ermWUs2mZJho9SQiPN1Oo2VmVb+yTONULQrwUFD6X3VJHgWEkPe1CV
Nxxv71fjdymlYPzYwghVo5M1pnpBlzX0HkDF9rS4yQca4mh0kRkosjb4r38oDWBa+SmkEa/PnWeu
fPNPlu4N5jUqfyQcvnQI5MrCkPFxWmT002CSdA==
)
10-04-2017 18:34:51 : get(MIIBIjANBgkqhkiG9w0BAQEFAAOCAQ8AMIIBCgKCAQEAgONGzJxI/1ESfJqnOrll0oGiVSxUS0IT
p18pokk3yXJPf8ZIuoDfqHCCi3LDP8VEevb9t56TR7CGv7jwB/z3vohK9g1mecTRN0y5igmsGFpZ
FS+Jd/Lxbu9qfHcD6JNKIBl5Fo/ajn15B5eNrsTb3KliHdy5mWZ392Xl5fxIBgYNQnMM1F9EQztj
5P50P9frDVhs0r6FYZdLZv6TUERkCa+oB30DKJTJxTA5rUGhWUXm/7ytRCd5W5NhOhlg2+8rRDGx
sO+facvDDcvzoehJM0wOZGazF5jUwif3YOAt6l3qJYQMwnlKhwoKkVW4nTCkPE9npnU51PtoHw4V
5D89jQIDAQAB
, /lWZz5VFsopJvb9KND0KdeGREx6+rLZu+QQ1r7sl0bA=
, qDgNjxIeiYLALoJ4A5Sja55ovWrvMKmj3bI4fJD5XL0=
)
10-04-2017 18:34:57 : register(MIIBIjANBgkqhkiG9w0BAQEFAAOCAQ8AMIIBCgKCAQEAuSjb8JWY6QqSUKY9501/e5bGfJqXQ57E
Reouf1hphEjl207F0xoGE8FUZs7IiWGthCzBNU8h6OM+y4ywB2wA6hx7IOAlKTCbn+ms5NZ7zJMO
vB41oYwvPEuTR4fcqrB0jbLS/YCOped71cAWM4tVOpEUAj4HW6YDoF8TFehtPhao3a5zo6u7PDXR
WInfP1sZQEYTXPLN1UUNE6sxfsw0T16pLdGxcArNg4YE8UDw8OBJf8tYCVOIycMUQRxMJu9cok9M
GsWZiJcf1QFphFK906Snn8aiPKb0+mPkzUwpG/Os6ZRHTBeBkHGBznG0x13ovAzFhMQLrhnmFqYU
0HZjeQIDAQAB
)
10-04-2017 18:34:57 : put(MIIBIjANBgkqhkiG9w0BAQEFAAOCAQ8AMIIBCgKCAQEAuSjb8JWY6QqSUKY9501/e5bGfJqXQ57E
Reouf1hphEjl207F0xoGE8FUZs7IiWGthCzBNU8h6OM+y4ywB2wA6hx7IOAlKTCbn+ms5NZ7zJMO
vB41oYwvPEuTR4fcqrB0jbLS/YCOped71cAWM4tVOpEUAj4HW6YDoF8TFehtPhao3a5zo6u7PDXR
WInfP1sZQEYTXPLN1UUNE6sxfsw0T16pLdGxcArNg4YE8UDw8OBJf8tYCVOIycMUQRxMJu9cok9M
GsWZiJcf1QFphFK906Snn8aiPKb0+mPkzUwpG/Os6ZRHTBeBkHGBznG0x13ovAzFhMQLrhnmFqYU
0HZjeQIDAQAB
, ONDgUh9jilCYeWGhjTwkusT0S9LqzIKptDT7zgSBILM=
, aDkka4HXRY5lXYyRvUqsWutdOgRoz4LeyF7pS77oLv0=
, PUwFfno/lrp8H35huYnSLuIQG2OHiXQnKbxDrfG1uggegTBsj6Q42wVsLIl1ZaO+gavqeChY9zzQ
W9GsUv8bjxwsp2w68QOuQlZ44AxE3ZTYWzDkoKKxdgQKJfj3vApwrCb/WO+mshreAf8dHhoe21If
9p/B/6qay0TpxUJ91HiqAllzcN34cYsQGrn9ZeQGTKPMyHHRbyENtS4Hyh26XNBRUdsxOSMxnCIW
ThCeaXXw/ObaQyc6oOVlX6kjY3QIah1XI1WECEiNx/Hjcd2igMyoAMRGEpyDHt7ebjVAqOxLhCkd
vEZh/TT5gF/vuFjIj89ood3+H2a+LmJ1JU8uUQ==
)
10-04-2017 18:34:57 : get(MIIBIjANBgkqhkiG9w0BAQEFAAOCAQ8AMIIBCgKCAQEAuSjb8JWY6QqSUKY9501/e5bGfJqXQ57E
Reouf1hphEjl207F0xoGE8FUZs7IiWGthCzBNU8h6OM+y4ywB2wA6hx7IOAlKTCbn+ms5NZ7zJMO
vB41oYwvPEuTR4fcqrB0jbLS/YCOped71cAWM4tVOpEUAj4HW6YDoF8TFehtPhao3a5zo6u7PDXR
WInfP1sZQEYTXPLN1UUNE6sxfsw0T16pLdGxcArNg4YE8UDw8OBJf8tYCVOIycMUQRxMJu9cok9M
GsWZiJcf1QFphFK906Snn8aiPKb0+mPkzUwpG/Os6ZRHTBeBkHGBznG0x13ovAzFhMQLrhnmFqYU
0HZjeQIDAQAB
, ONDgUh9jilCYeWGhjTwkusT0S9LqzIKptDT7zgSBILM=
, aDkka4HXRY5lXYyRvUqsWutdOgRoz4LeyF7pS77oLv0=
)
10-04-2017 18:34:57 : put(MIIBIjANBgkqhkiG9w0BAQEFAAOCAQ8AMIIBCgKCAQEAuSjb8JWY6QqSUKY9501/e5bGfJqXQ57E
Reouf1hphEjl207F0xoGE8FUZs7IiWGthCzBNU8h6OM+y4ywB2wA6hx7IOAlKTCbn+ms5NZ7zJMO
vB41oYwvPEuTR4fcqrB0jbLS/YCOped71cAWM4tVOpEUAj4HW6YDoF8TFehtPhao3a5zo6u7PDXR
WInfP1sZQEYTXPLN1UUNE6sxfsw0T16pLdGxcArNg4YE8UDw8OBJf8tYCVOIycMUQRxMJu9cok9M
GsWZiJcf1QFphFK906Snn8aiPKb0+mPkzUwpG/Os6ZRHTBeBkHGBznG0x13ovAzFhMQLrhnmFqYU
0HZjeQIDAQAB
, ONDgUh9jilCYeWGhjTwkusT0S9LqzIKptDT7zgSBILM=
, aDkka4HXRY5lXYyRvUqsWutdOgRoz4LeyF7pS77oLv0=
, h7Wol+8TRiDhUx5Spl5k/o+hn5PK+kw0tmbZf60O7enMJPpMo63gitjuC86Ftlh3gsaxb+PQhqsU
3t1b56oM1JU79YgQFWkHD43iNxMtXihoYEWgJqav0wAZNidgMK3JolHdP/SreIeb8w75S6mcZCbS
mnoTWWayaW701orJ16+h8G3OUc+DgdKu1Z1/K872KFFLrZk8KR6yVsAuOtjRjVUiBmXda+3T01S2
I7Da+f6UcXD5wzZIhAO0bKyw5KuaMKGGbyBrjB8tkqB/6+6Si1TY6ZfI3UbBETM9DyUz2SQnuNee
b+ZUAVKONIsXH+FIZOInPYjfAO0791/qmeo5HQ==
)
